<?xml version="1.0" encoding="utf-8"?><testsuites name="pytest tests"><testsuite name="pytest" errors="0" failures="0" skipped="0" tests="8" time="1.918" timestamp="2026-05-06T19:44:03.413832+00:00" hostname="agent-env-f82579cb-b690-40c1-909d-c0dfb51cef6d"><testcase classname="backend.tests.backend_test.TestProducts" name="test_list_products" time="0.297" /><testcase classname="backend.tests.backend_test.TestProducts" name="test_get_oura" time="0.212" /><testcase classname="backend.tests.backend_test.TestProducts" name="test_get_veloura" time="0.216" /><testcase classname="backend.tests.backend_test.TestProducts" name="test_get_invalid_product" time="0.265" /><testcase classname="backend.tests.backend_test.TestContact" name="test_contact_valid" time="0.252" /><testcase classname="backend.tests.backend_test.TestContact" name="test_contact_invalid_email" time="0.219" /><testcase classname="backend.tests.backend_test.TestCheckout" name="test_checkout_valid" time="0.252" /><testcase classname="backend.tests.backend_test.TestCheckout" name="test_checkout_invalid_slug" time="0.129" /></testsuite></testsuites>