<?xml version="1.0" encoding="utf-8"?><testsuites name="pytest tests"><testsuite name="pytest" errors="0" failures="0" skipped="0" tests="7" time="2.026" timestamp="2026-05-13T16:53:12.700109+00:00" hostname="agent-env-f82579cb-b690-40c1-909d-c0dfb51cef6d"><testcase classname="backend.tests.backend_test.TestOrderLookup" name="test_lookup_valid_paid_order" time="0.209" /><testcase classname="backend.tests.backend_test.TestOrderLookup" name="test_lookup_wrong_email_returns_404_no_leak" time="0.119" /><testcase classname="backend.tests.backend_test.TestOrderLookup" name="test_lookup_unknown_order_returns_404_same_message" time="0.105" /><testcase classname="backend.tests.backend_test.TestOrderLookup" name="test_lookup_malformed_email_returns_422" time="0.145" /><testcase classname="backend.tests.backend_test.TestOrderLookup" name="test_lookup_case_insensitive_email" time="0.108" /><testcase classname="backend.tests.backend_test.TestOrderLookup" name="test_lookup_case_insensitive_order_id" time="0.140" /><testcase classname="backend.tests.backend_test.TestOrderLookup" name="test_lookup_unpaid_order_returns_awaiting_payment" time="1.042" /></testsuite></testsuites>