<?xml version="1.0" encoding="utf-8"?><testsuites name="pytest tests"><testsuite name="pytest" errors="0" failures="0" skipped="0" tests="22" time="5.948" timestamp="2026-05-13T16:53:18.946162+00:00" hostname="agent-env-f82579cb-b690-40c1-909d-c0dfb51cef6d"><testcase classname="backend.tests.backend_test.TestProducts" name="test_list_products" time="0.324" /><testcase classname="backend.tests.backend_test.TestProducts" name="test_get_oura" time="0.119" /><testcase classname="backend.tests.backend_test.TestProducts" name="test_get_veloura" time="0.136" /><testcase classname="backend.tests.backend_test.TestProducts" name="test_get_invalid_product" time="0.111" /><testcase classname="backend.tests.backend_test.TestContact" name="test_contact_valid" time="0.466" /><testcase classname="backend.tests.backend_test.TestContact" name="test_contact_invalid_email" time="0.115" /><testcase classname="backend.tests.backend_test.TestCheckoutOrder" name="test_create_order_valid" time="0.406" /><testcase classname="backend.tests.backend_test.TestCheckoutOrder" name="test_create_order_unknown_slug" time="0.110" /><testcase classname="backend.tests.backend_test.TestCheckoutOrder" name="test_create_order_empty_items" time="0.109" /><testcase classname="backend.tests.backend_test.TestCheckoutStatus" name="test_status_known_order" time="0.105" /><testcase classname="backend.tests.backend_test.TestCheckoutStatus" name="test_status_unknown" time="0.176" /><testcase classname="backend.tests.backend_test.TestVerifyPayment" name="test_verify_invalid_signature_marks_failed" time="0.445" /><testcase classname="backend.tests.backend_test.TestVerifyPayment" name="test_verify_valid_signature_marks_paid_and_creates_order_idempotent" time="0.923" /><testcase classname="backend.tests.backend_test.TestVerifyPayment" name="test_verify_unknown_order" time="0.105" /><testcase classname="backend.tests.backend_test.TestWebhook" name="test_webhook_payment_captured_updates_txn" time="0.892" /><testcase classname="backend.tests.backend_test.TestOrderLookup" name="test_lookup_valid_paid_order" time="0.136" /><testcase classname="backend.tests.backend_test.TestOrderLookup" name="test_lookup_wrong_email_returns_404_no_leak" time="0.134" /><testcase classname="backend.tests.backend_test.TestOrderLookup" name="test_lookup_unknown_order_returns_404_same_message" time="0.129" /><testcase classname="backend.tests.backend_test.TestOrderLookup" name="test_lookup_malformed_email_returns_422" time="0.142" /><testcase classname="backend.tests.backend_test.TestOrderLookup" name="test_lookup_case_insensitive_email" time="0.177" /><testcase classname="backend.tests.backend_test.TestOrderLookup" name="test_lookup_case_insensitive_order_id" time="0.118" /><testcase classname="backend.tests.backend_test.TestOrderLookup" name="test_lookup_unpaid_order_returns_awaiting_payment" time="0.421" /></testsuite></testsuites>